{"/home/padavanocskos/development/ts-demo-app/jest.config.ts": {"path":"/home/padavanocskos/development/ts-demo-app/jest.config.ts","statementMap":{},"fnMap":{},"branchMap":{},"s":{},"f":{},"b":{}}
,"/home/padavanocskos/development/ts-demo-app/src/react-app-env.d.ts": {"path":"/home/padavanocskos/development/ts-demo-app/src/react-app-env.d.ts","statementMap":{},"fnMap":{},"branchMap":{},"s":{},"f":{},"b":{}}
,"/home/padavanocskos/development/ts-demo-app/src/reportWebVitals.ts": {"path":"/home/padavanocskos/development/ts-demo-app/src/reportWebVitals.ts","statementMap":{},"fnMap":{},"branchMap":{},"s":{},"f":{},"b":{}}
,"/home/padavanocskos/development/ts-demo-app/src/setupTests.ts": {"path":"/home/padavanocskos/development/ts-demo-app/src/setupTests.ts","statementMap":{},"fnMap":{},"branchMap":{},"s":{},"f":{},"b":{}}
,"/home/padavanocskos/development/ts-demo-app/src/utils/util.ts": {"path":"/home/padavanocskos/development/ts-demo-app/src/utils/util.ts","statementMap":{"0":{"start":{"line":1,"column":23},"end":{"line":16,"column":1}},"1":{"start":{"line":2,"column":2},"end":{"line":4,"column":3}},"2":{"start":{"line":3,"column":4},"end":{"line":3,"column":16}},"3":{"start":{"line":6,"column":25},"end":{"line":6,"column":29}},"4":{"start":{"line":8,"column":2},"end":{"line":13,"column":3}},"5":{"start":{"line":8,"column":15},"end":{"line":8,"column":16}},"6":{"start":{"line":9,"column":4},"end":{"line":12,"column":5}},"7":{"start":{"line":10,"column":6},"end":{"line":10,"column":21}},"8":{"start":{"line":11,"column":6},"end":{"line":11,"column":11}},"9":{"start":{"line":15,"column":2},"end":{"line":15,"column":16}}},"fnMap":{"0":{"name":"(anonymous_0)","decl":{"start":{"line":1,"column":23},"end":{"line":1,"column":24}},"loc":{"start":{"line":1,"column":52},"end":{"line":16,"column":1}},"line":1}},"branchMap":{"0":{"loc":{"start":{"line":2,"column":2},"end":{"line":4,"column":3}},"type":"if","locations":[{"start":{"line":2,"column":2},"end":{"line":4,"column":3}},{"start":{},"end":{}}],"line":2},"1":{"loc":{"start":{"line":2,"column":6},"end":{"line":2,"column":48}},"type":"binary-expr","locations":[{"start":{"line":2,"column":6},"end":{"line":2,"column":18}},{"start":{"line":2,"column":22},"end":{"line":2,"column":34}},{"start":{"line":2,"column":38},"end":{"line":2,"column":48}}],"line":2},"2":{"loc":{"start":{"line":9,"column":4},"end":{"line":12,"column":5}},"type":"if","locations":[{"start":{"line":9,"column":4},"end":{"line":12,"column":5}},{"start":{},"end":{}}],"line":9}},"s":{"0":3,"1":15,"2":11,"3":4,"4":4,"5":4,"6":5,"7":2,"8":2,"9":4},"f":{"0":15},"b":{"0":[11,4],"1":[15,11,6],"2":[2,3]},"_coverageSchema":"1a1c01bbd47fc00a2c39e90264f33305004495a9","hash":"efcd985902979387f6685dbd878deb7aa270ff68"}
}
