TN:
SF:jest.config.ts
FNF:0
FNH:0
LF:0
LH:0
BRF:0
BRH:0
end_of_record
TN:
SF:vite.config.ts
FNF:0
FNH:0
LF:0
LH:0
BRF:0
BRH:0
end_of_record
TN:
SF:src/react-app-env.d.ts
FNF:0
FNH:0
LF:0
LH:0
BRF:0
BRH:0
end_of_record
TN:
SF:src/reportWebVitals.ts
FNF:0
FNH:0
LF:0
LH:0
BRF:0
BRH:0
end_of_record
TN:
SF:src/setupTests.ts
FNF:0
FNH:0
LF:0
LH:0
BRF:0
BRH:0
end_of_record
TN:
SF:src/utils/util.ts
FN:1,(anonymous_0)
FNF:1
FNH:1
FNDA:15,(anonymous_0)
DA:1,3
DA:2,15
DA:3,11
DA:6,4
DA:8,4
DA:9,5
DA:10,2
DA:11,2
DA:15,4
LF:9
LH:9
BRDA:2,0,0,11
BRDA:2,0,1,4
BRDA:2,1,0,15
BRDA:2,1,1,11
BRDA:2,1,2,6
BRDA:9,2,0,2
BRDA:9,2,1,3
BRF:7
BRH:7
end_of_record
